<?xml version="1.0" encoding="UTF-8"?>
<!-- Generated by org.testng.reporters.JUnitXMLReporter -->
<testsuite ignored="0" hostname="Lenovo-PC" failures="0" tests="3" name="Default test" time="37.656" errors="0" timestamp="2020-10-03T20:30:13 PDT">
  <testcase classname="com.ta.seleniumtest.login.login" name="loginToWebsite" time="11.851"/>
  <testcase classname="com.ta.seleniumtest.login.login" name="loginToWebsite" time="7.346"/>
  <testcase classname="com.ta.seleniumtest.login.login" name="loginToWebsite" time="13.651"/>
</testsuite> <!-- Default test -->
