<?xml version="1.0" encoding="UTF-8"?>
<!-- Generated by org.testng.reporters.JUnitXMLReporter -->
<testsuite ignored="0" hostname="Lenovo-PC" failures="3" tests="3" name="Test1A" time="0.45" errors="0" timestamp="2020-09-29T21:56:19 PDT">
  <testcase classname="com.ta.seleniumtest.login.login" name="loginToWebsite" time="0.006">
    <failure type="java.lang.NullPointerException">
      <![CDATA[java.lang.NullPointerException
at com.ta.seleniumtest.pologin.pologin.loginToWebsite(pologin.java:34)
at com.ta.seleniumtest.login.login.loginToWebsite(login.java:26)
at java.base/java.util.ArrayList.forEach(ArrayList.java:1541)
... Removed 27 stack frames]]>
    </failure>
  </testcase> <!-- loginToWebsite -->
  <testcase classname="com.ta.seleniumtest.login.login" name="loginToWebsite" time="0.003">
    <failure type="java.lang.NullPointerException">
      <![CDATA[java.lang.NullPointerException
at com.ta.seleniumtest.pologin.pologin.loginToWebsite(pologin.java:34)
at com.ta.seleniumtest.login.login.loginToWebsite(login.java:26)
at java.base/java.util.ArrayList.forEach(ArrayList.java:1541)
... Removed 27 stack frames]]>
    </failure>
  </testcase> <!-- loginToWebsite -->
  <testcase classname="com.ta.seleniumtest.login.login" name="loginToWebsite" time="0.001">
    <failure type="java.lang.NullPointerException">
      <![CDATA[java.lang.NullPointerException
at com.ta.seleniumtest.pologin.pologin.loginToWebsite(pologin.java:34)
at com.ta.seleniumtest.login.login.loginToWebsite(login.java:26)
at java.base/java.util.ArrayList.forEach(ArrayList.java:1541)
... Removed 27 stack frames]]>
    </failure>
  </testcase> <!-- loginToWebsite -->
</testsuite> <!-- Test1A -->
