<?xml version="1.0" encoding="UTF-8"?>
<!-- Generated by org.testng.reporters.JUnitXMLReporter -->
<testsuite ignored="0" hostname="Lenovo-PC" failures="0" tests="3" name="Test1" time="39.458" errors="0" timestamp="2020-10-03T13:37:44 PDT">
  <testcase classname="com.ta.seleniumtest.login.login" name="loginToWebsite" time="12.53"/>
  <testcase classname="com.ta.seleniumtest.login.login" name="loginToWebsite" time="7.48"/>
  <testcase classname="com.ta.seleniumtest.login.login" name="loginToWebsite" time="10.611"/>
</testsuite> <!-- Test1 -->
