<?xml version="1.0" encoding="UTF-8"?>
<!-- Generated by org.testng.reporters.JUnitXMLReporter -->
<testsuite ignored="2" hostname="Lenovo-PC" failures="1" tests="4" name="Test" time="49.977" errors="0" timestamp="2020-09-29T22:00:01 PDT">
  <testcase classname="com.ta.seleniumtest.login.login" name="loginToWebsite" time="28.809"/>
  <testcase classname="com.ta.seleniumtest.login.login" name="loginToWebsite" time="7.556"/>
  <testcase classname="com.ta.seleniumtest.login.login" name="loginToWebsite" time="12.854"/>
  <testcase classname="com.ta.seleniumtest.login.LogOut" name="loginToWebsite" time="0.003">
    <failure type="java.lang.NullPointerException">
      <![CDATA[java.lang.NullPointerException
at com.ta.seleniumtest.pologin.PoLogout.loginToWebsite(PoLogout.java:39)
at com.ta.seleniumtest.login.LogOut.loginToWebsite(LogOut.java:27)
at java.base/java.util.ArrayList.forEach(ArrayList.java:1541)
... Removed 27 stack frames]]>
    </failure>
  </testcase> <!-- loginToWebsite -->
  <testcase classname="com.ta.seleniumtest.xero.TestBase" name="@BeforeSuite launch" time="0.0">
    <ignored/>
  </testcase> <!-- @BeforeSuite launch -->
  <testcase classname="com.ta.seleniumtest.xero.TestBase" name="@AfterSuite closingTest" time="0.0">
    <ignored/>
  </testcase> <!-- @AfterSuite closingTest -->
</testsuite> <!-- Test -->
