<?xml version="1.0" encoding="UTF-8"?>
<testng-results ignored="0" total="3" passed="3" failed="0" skipped="0">
  <reporter-output>
  </reporter-output>
  <suite started-at="2020-10-03T20:29:35 PDT" name="Default suite" finished-at="2020-10-03T20:30:13 PDT" duration-ms="37656">
    <groups>
    </groups>
    <test started-at="2020-10-03T20:29:35 PDT" name="Default test" finished-at="2020-10-03T20:30:13 PDT" duration-ms="37656">
      <class name="com.ta.seleniumtest.login.login">
        <test-method is-config="true" signature="launch()[pri:0, instance:com.ta.seleniumtest.login.login@4da4253]" started-at="2020-10-03T20:29:29 PDT" name="launch" finished-at="2020-10-03T20:29:35 PDT" duration-ms="6451" status="PASS">
          <reporter-output>
          </reporter-output>
        </test-method> <!-- launch -->
        <test-method is-config="true" signature="loadDriver()[pri:0, instance:com.ta.seleniumtest.login.login@4da4253]" started-at="2020-10-03T20:29:35 PDT" name="loadDriver" finished-at="2020-10-03T20:29:35 PDT" duration-ms="1" status="PASS">
          <reporter-output>
          </reporter-output>
        </test-method> <!-- loadDriver -->
        <test-method is-config="true" signature="triggerDependency()[pri:0, instance:com.ta.seleniumtest.login.login@4da4253]" started-at="2020-10-03T20:29:35 PDT" name="triggerDependency" finished-at="2020-10-03T20:29:35 PDT" depends-on-methods="com.ta.seleniumtest.xero.TestBase.loadDriver" duration-ms="30" status="PASS">
          <reporter-output>
          </reporter-output>
        </test-method> <!-- triggerDependency -->
        <test-method signature="loginToWebsite(java.lang.String, java.lang.String)[pri:0, instance:com.ta.seleniumtest.login.login@4da4253]" started-at="2020-10-03T20:29:36 PDT" name="loginToWebsite" data-provider="login-data" finished-at="2020-10-03T20:29:47 PDT" duration-ms="11851" status="PASS">
          <params>
            <param index="0">
              <value>
                <![CDATA[user@gmail.com]]>
              </value>
            </param>
            <param index="1">
              <value>
                <![CDATA[sravani]]>
              </value>
            </param>
          </params>
          <reporter-output>
          </reporter-output>
        </test-method> <!-- loginToWebsite -->
        <test-method signature="loginToWebsite(java.lang.String, java.lang.String)[pri:0, instance:com.ta.seleniumtest.login.login@4da4253]" started-at="2020-10-03T20:29:47 PDT" name="loginToWebsite" data-provider="login-data" finished-at="2020-10-03T20:29:55 PDT" duration-ms="7346" status="PASS">
          <params>
            <param index="0">
              <value>
                <![CDATA[user@gmail.com]]>
              </value>
            </param>
            <param index="1">
              <value>
                <![CDATA[Sravani1]]>
              </value>
            </param>
          </params>
          <reporter-output>
          </reporter-output>
        </test-method> <!-- loginToWebsite -->
        <test-method signature="loginToWebsite(java.lang.String, java.lang.String)[pri:0, instance:com.ta.seleniumtest.login.login@4da4253]" started-at="2020-10-03T20:29:55 PDT" name="loginToWebsite" data-provider="login-data" finished-at="2020-10-03T20:30:08 PDT" duration-ms="13651" status="PASS">
          <params>
            <param index="0">
              <value>
                <![CDATA[sravani.vintha@gmail.com]]>
              </value>
            </param>
            <param index="1">
              <value>
                <![CDATA[Sravani1]]>
              </value>
            </param>
          </params>
          <reporter-output>
          </reporter-output>
        </test-method> <!-- loginToWebsite -->
        <test-method is-config="true" signature="closeDriver()[pri:0, instance:com.ta.seleniumtest.login.login@4da4253]" started-at="2020-10-03T20:30:08 PDT" name="closeDriver" finished-at="2020-10-03T20:30:13 PDT" duration-ms="4428" status="PASS">
          <reporter-output>
          </reporter-output>
        </test-method> <!-- closeDriver -->
        <test-method is-config="true" signature="closingTest()[pri:0, instance:com.ta.seleniumtest.login.login@4da4253]" started-at="2020-10-03T20:30:13 PDT" name="closingTest" finished-at="2020-10-03T20:30:14 PDT" duration-ms="703" status="PASS">
          <reporter-output>
          </reporter-output>
        </test-method> <!-- closingTest -->
      </class> <!-- com.ta.seleniumtest.login.login -->
    </test> <!-- Default test -->
  </suite> <!-- Default suite -->
</testng-results>
